lista2/app/build/intermediates/manifest_merge_blame_file/debug/manifest-merger-blame-debug-report.txt
1<?xml version="1.0" encoding="utf-8"?>
2<manifest xmlns:android="http://schemas.android.com/apk/res/android"
3    package="com.example.lista2_2"
4    android:versionCode="1"
5    android:versionName="1.0" >
6
7    <uses-sdk
8        android:minSdkVersion="21"
8-->src\main\AndroidManifest.xml
9        android:targetSdkVersion="33" />
9-->src\main\AndroidManifest.xml
10
11    <!-- Permission will be merged into the manifest of the hosting app. -->
12    <!-- Is required to launch foreground extraction service for targetSdkVersion 28+. -->
13    <uses-permission android:name="android.permission.FOREGROUND_SERVICE" />
13-->[com.google.android.play:core:1.10.3] AndroidManifest.xml:13:5-77
13-->[com.google.android.play:core:1.10.3] AndroidManifest.xml:13:22-74
14
15    <application
15-->src\main\AndroidManifest.xml:5:5-28:19
16        android:allowBackup="true"
16-->src\main\AndroidManifest.xml:6:9-35
17        android:appComponentFactory="androidx.core.app.CoreComponentFactory"
17-->[androidx.core:core:1.8.0] AndroidManifest.xml:24:18-86
18        android:dataExtractionRules="@xml/data_extraction_rules"
18-->src\main\AndroidManifest.xml:7:9-65
19        android:debuggable="true"
20        android:fullBackupContent="@xml/backup_rules"
20-->src\main\AndroidManifest.xml:8:9-54
21        android:icon="@mipmap/ic_launcher"
21-->src\main\AndroidManifest.xml:9:9-43
22        android:label="@string/app_name"
22-->src\main\AndroidManifest.xml:10:9-41
23        android:roundIcon="@mipmap/ic_launcher_round"
23-->src\main\AndroidManifest.xml:11:9-54
24        android:supportsRtl="true"
24-->src\main\AndroidManifest.xml:12:9-35
25        android:testOnly="true"
26        android:theme="@style/Theme.Lista2_2" >
26-->src\main\AndroidManifest.xml:13:9-46
27        <activity
27-->src\main\AndroidManifest.xml:15:9-27:20
28            android:name="com.example.lista2_2.MainActivity"
28-->src\main\AndroidManifest.xml:16:13-41
29            android:exported="true" >
29-->src\main\AndroidManifest.xml:17:13-36
30            <intent-filter>
30-->src\main\AndroidManifest.xml:18:13-22:29
31                <action android:name="android.intent.action.MAIN" />
31-->src\main\AndroidManifest.xml:19:17-69
31-->src\main\AndroidManifest.xml:19:25-66
32
33                <category android:name="android.intent.category.LAUNCHER" />
33-->src\main\AndroidManifest.xml:21:17-77
33-->src\main\AndroidManifest.xml:21:27-74
34            </intent-filter>
35
36            <meta-data
36-->src\main\AndroidManifest.xml:24:13-26:36
37                android:name="android.app.lib_name"
37-->src\main\AndroidManifest.xml:25:17-52
38                android:value="" />
38-->src\main\AndroidManifest.xml:26:17-33
39        </activity>
40
41        <uses-library
41-->[androidx.window:window:1.0.0] AndroidManifest.xml:25:9-27:40
42            android:name="androidx.window.extensions"
42-->[androidx.window:window:1.0.0] AndroidManifest.xml:26:13-54
43            android:required="false" />
43-->[androidx.window:window:1.0.0] AndroidManifest.xml:27:13-37
44        <uses-library
44-->[androidx.window:window:1.0.0] AndroidManifest.xml:28:9-30:40
45            android:name="androidx.window.sidecar"
45-->[androidx.window:window:1.0.0] AndroidManifest.xml:29:13-51
46            android:required="false" />
46-->[androidx.window:window:1.0.0] AndroidManifest.xml:30:13-37
47
48        <provider
48-->[androidx.emoji2:emoji2:1.2.0] AndroidManifest.xml:24:9-32:20
49            android:name="androidx.startup.InitializationProvider"
49-->[androidx.emoji2:emoji2:1.2.0] AndroidManifest.xml:25:13-67
50            android:authorities="com.example.lista2_2.androidx-startup"
50-->[androidx.emoji2:emoji2:1.2.0] AndroidManifest.xml:26:13-68
51            android:exported="false" >
51-->[androidx.emoji2:emoji2:1.2.0] AndroidManifest.xml:27:13-37
52            <meta-data
52-->[androidx.emoji2:emoji2:1.2.0] AndroidManifest.xml:29:13-31:52
53                android:name="androidx.emoji2.text.EmojiCompatInitializer"
53-->[androidx.emoji2:emoji2:1.2.0] AndroidManifest.xml:30:17-75
54                android:value="androidx.startup" />
54-->[androidx.emoji2:emoji2:1.2.0] AndroidManifest.xml:31:17-49
55            <meta-data
55-->[androidx.lifecycle:lifecycle-process:2.4.1] AndroidManifest.xml:31:13-33:52
56                android:name="androidx.lifecycle.ProcessLifecycleInitializer"
56-->[androidx.lifecycle:lifecycle-process:2.4.1] AndroidManifest.xml:32:17-78
57                android:value="androidx.startup" />
57-->[androidx.lifecycle:lifecycle-process:2.4.1] AndroidManifest.xml:33:17-49
58        </provider> <!-- The activities will be merged into the manifest of the hosting app. -->
59        <activity
59-->[com.google.android.play:core:1.10.3] AndroidManifest.xml:18:9-24:45
60            android:name="com.google.android.play.core.missingsplits.PlayCoreMissingSplitsActivity"
60-->[com.google.android.play:core:1.10.3] AndroidManifest.xml:19:13-100
61            android:enabled="false"
61-->[com.google.android.play:core:1.10.3] AndroidManifest.xml:20:13-36
62            android:exported="false"
62-->[com.google.android.play:core:1.10.3] AndroidManifest.xml:21:13-37
63            android:launchMode="singleInstance"
63-->[com.google.android.play:core:1.10.3] AndroidManifest.xml:22:13-48
64            android:process=":playcore_missing_splits_activity"
64-->[com.google.android.play:core:1.10.3] AndroidManifest.xml:23:13-64
65            android:stateNotNeeded="true" />
65-->[com.google.android.play:core:1.10.3] AndroidManifest.xml:24:13-42
66        <activity
66-->[com.google.android.play:core:1.10.3] AndroidManifest.xml:25:9-29:65
67            android:name="com.google.android.play.core.common.PlayCoreDialogWrapperActivity"
67-->[com.google.android.play:core:1.10.3] AndroidManifest.xml:26:13-93
68            android:exported="false"
68-->[com.google.android.play:core:1.10.3] AndroidManifest.xml:27:13-37
69            android:stateNotNeeded="true"
69-->[com.google.android.play:core:1.10.3] AndroidManifest.xml:28:13-42
70            android:theme="@style/Theme.PlayCore.Transparent" /> <!-- The services will be merged into the manifest of the hosting app. -->
70-->[com.google.android.play:core:1.10.3] AndroidManifest.xml:29:13-62
71        <service
71-->[com.google.android.play:core:1.10.3] AndroidManifest.xml:32:9-39:19
72            android:name="com.google.android.play.core.assetpacks.AssetPackExtractionService"
72-->[com.google.android.play:core:1.10.3] AndroidManifest.xml:33:13-94
73            android:enabled="false"
73-->[com.google.android.play:core:1.10.3] AndroidManifest.xml:34:13-36
74            android:exported="true" >
74-->[com.google.android.play:core:1.10.3] AndroidManifest.xml:35:13-36
75            <meta-data
75-->[com.google.android.play:core:1.10.3] AndroidManifest.xml:36:13-38:41
76                android:name="com.google.android.play.core.assetpacks.versionCode"
76-->[com.google.android.play:core:1.10.3] AndroidManifest.xml:37:17-83
77                android:value="11003" />
77-->[com.google.android.play:core:1.10.3] AndroidManifest.xml:38:17-38
78        </service>
79        <service
79-->[com.google.android.play:core:1.10.3] AndroidManifest.xml:40:9-43:40
80            android:name="com.google.android.play.core.assetpacks.ExtractionForegroundService"
80-->[com.google.android.play:core:1.10.3] AndroidManifest.xml:41:13-95
81            android:enabled="false"
81-->[com.google.android.play:core:1.10.3] AndroidManifest.xml:42:13-36
82            android:exported="false" />
82-->[com.google.android.play:core:1.10.3] AndroidManifest.xml:43:13-37
83    </application>
84
85</manifest>